<?xml version="1.0" encoding="UTF-8"?>
<testsuites name="TestCasesForEvaluation" time="13.58" tests="1" failures="0" errors="0">
   <testsuite name="TestCasesForEvaluation" tests="1" failures="0" errors="0" time="13.58" timestamp="2020-02-23 15:00:00" hostname="Dora_Vereb - EPHUDEBW0132.budapest.epam.com" id="Test Suites/TestCasesForEvaluation">
      <properties>
         <property name="deviceName" value=""/>
         <property name="devicePlatform" value=""/>
         <property name="logFolder" value="C:\\Users\\dora_vereb\\Katalon Studio\\Web testing evaluation\\Reports\\20200223_145958\\TestCasesForEvaluation\\20200223_145958"/>
         <property name="logFiles" value="C:\\Users\\dora_vereb\\Katalon Studio\\Web testing evaluation\\Reports\\20200223_145958\\TestCasesForEvaluation\\20200223_145958\\execution0.log"/>
         <property name="attachments" value=""/>
         <property name="hostName" value="Dora_Vereb - EPHUDEBW0132.budapest.epam.com"/>
         <property name="os" value="Windows 10 64bit"/>
         <property name="katalonVersion" value="7.2.1.1"/>
         <property name="browser" value="Chrome 80.0.3987.116"/>
         <property name="hostAddress" value="192.168.0.101"/>
         <property name="sessionId" value="14cddb7e37f3d8dbe319ad724fc0e7ec"/>
         <property name="seleniumVersion" value="3.141.59"/>
         <property name="proxyInformation" value="ProxyInformation{proxyOption=NO_PROXY, proxyServerType=HTTP, password=, proxyServerAddress=, proxyServerPort=0, executionList=}"/>
         <property name="platform" value="Windows 10"/>
      </properties>
      <testcase name="Test Cases/TC-2" time="6.191" classname="Test Cases/TC-2" status="PASSED">
         <system-out><![CDATA[2020-02-23 15:00:06 - [TEST_CASE][PASSED] - Test Cases/TC-2: Test Cases/TC-2

2020-02-23 15:00:06 - [TEST_STEP][PASSED] - navigateToUrl(homePage): Navigate to 'https://angular.io' successfully

2020-02-23 15:00:08 - [MESSAGE][PASSED] - Navigate to 'https://angular.io' successfully

2020-02-23 15:00:08 - [TEST_STEP][PASSED] - verifyElementVisible(findTestObject("AngularHomePage/SearchBar")): Object 'Object Repository/AngularHomePage/SearchBar' is visible

2020-02-23 15:00:08 - [MESSAGE][PASSED] - Object 'Object Repository/AngularHomePage/SearchBar' is visible

2020-02-23 15:00:08 - [TEST_STEP][PASSED] - verifyElementText(findTestObject("AngularHomePage/SearchBar"), ""): Actual text and expected text of test object 'Object Repository/AngularHomePage/SearchBar' are matched.

2020-02-23 15:00:09 - [MESSAGE][PASSED] - Actual text and expected text of test object 'Object Repository/AngularHomePage/SearchBar' are matched.

2020-02-23 15:00:09 - [TEST_STEP][PASSED] - verifyElementAttributeValue(findTestObject("AngularHomePage/SearchBar"), "placeholder", "Search", 0): Object 'Object Repository/AngularHomePage/SearchBar' has attribute 'placeholder' with value 'Search'

2020-02-23 15:00:09 - [MESSAGE][WARNING] - Timeout '0' is invalid. Using default page load timeout: '30'

2020-02-23 15:00:09 - [MESSAGE][PASSED] - Object 'Object Repository/AngularHomePage/SearchBar' has attribute 'placeholder' with value 'Search'

2020-02-23 15:00:09 - [TEST_STEP][PASSED] - click(findTestObject("AngularHomePage/SearchBar")): Object: 'Object Repository/AngularHomePage/SearchBar' is clicked on

2020-02-23 15:00:09 - [MESSAGE][PASSED] - Object: 'Object Repository/AngularHomePage/SearchBar' is clicked on

2020-02-23 15:00:09 - [TEST_STEP][PASSED] - sendKeys(findTestObject("AngularHomePage/SearchBar"), "directive"): Keys 'directive' sent to object: 'Object Repository/AngularHomePage/SearchBar'

2020-02-23 15:00:10 - [MESSAGE][PASSED] - Keys 'directive' sent to object: 'Object Repository/AngularHomePage/SearchBar'

2020-02-23 15:00:10 - [TEST_STEP][PASSED] - verifyElementVisible(searchResultByTextAndSection("api", "Directive")): null

2020-02-23 15:00:10 - [TEST_STEP][PASSED] - xpathString = //div[contains(@class,"search-area")][h3[contains(.,"$section")]]//a[contains(@class,"search-result-item")]/span[.="$result"]: null

2020-02-23 15:00:10 - [TEST_STEP][PASSED] - searchResult = new com.kms.katalon.core.testobject.TestObject(SearchResult): null

2020-02-23 15:00:10 - [TEST_STEP][PASSED] - searchResult.addProperty("xpath", EQUALS, xpathString): null

2020-02-23 15:00:10 - [TEST_STEP][PASSED] - return searchResult: Object 'SearchResult' is visible

2020-02-23 15:00:11 - [MESSAGE][PASSED] - Object 'SearchResult' is visible

2020-02-23 15:00:11 - [TEST_STEP][PASSED] - click(searchResultByTextAndSection("api", "Directive")): null

2020-02-23 15:00:11 - [TEST_STEP][PASSED] - xpathString = //div[contains(@class,"search-area")][h3[contains(.,"$section")]]//a[contains(@class,"search-result-item")]/span[.="$result"]: null

2020-02-23 15:00:11 - [TEST_STEP][PASSED] - searchResult = new com.kms.katalon.core.testobject.TestObject(SearchResult): null

2020-02-23 15:00:11 - [TEST_STEP][PASSED] - searchResult.addProperty("xpath", EQUALS, xpathString): null

2020-02-23 15:00:11 - [TEST_STEP][PASSED] - return searchResult: Object: 'SearchResult' is clicked on

2020-02-23 15:00:11 - [MESSAGE][PASSED] - Object: 'SearchResult' is clicked on

2020-02-23 15:00:11 - [TEST_STEP][PASSED] - verifyMatch(getUrl(), directive, false): Actual text 'https://angular.io/api/core/Directive' and expected text 'https://angular.io/api/core/Directive' are matched 

2020-02-23 15:00:11 - [MESSAGE][PASSED] - Current window's url is: 'https://angular.io/api/core/Directive'

2020-02-23 15:00:11 - [MESSAGE][PASSED] - Actual text 'https://angular.io/api/core/Directive' and expected text 'https://angular.io/api/core/Directive' are matched 

2020-02-23 15:00:11 - [TEST_STEP][PASSED] - verifyElementText(findTestObject("AngularAPIPages/PageTitle"), "Directive"): Actual text and expected text of test object 'Object Repository/AngularAPIPages/PageTitle' are matched.

2020-02-23 15:00:12 - [MESSAGE][PASSED] - Actual text and expected text of test object 'Object Repository/AngularAPIPages/PageTitle' are matched.]]></system-out>
         <system-err><![CDATA[]]></system-err>
      </testcase>
      <system-out><![CDATA[2020-02-23 15:00:00 - [TEST_SUITE][PASSED] - TestCasesForEvaluation: Test Cases/TC-2]]></system-out>
      <system-err><![CDATA[]]></system-err>
   </testsuite>
</testsuites>
