<?xml version="1.0" encoding="UTF-8"?>
<testsuites name="TestCasesForEvaluation" time="3.321" tests="0" failures="0" errors="0">
   <testsuite name="TestCasesForEvaluation" tests="0" failures="0" errors="0" time="3.321" timestamp="2020-02-23 15:11:17" hostname="Dora_Vereb - EPHUDEBW0132.budapest.epam.com" id="Test Suites/TestCasesForEvaluation">
      <properties>
         <property name="deviceName" value=""/>
         <property name="devicePlatform" value=""/>
         <property name="logFolder" value="C:\\Users\\dora_vereb\\Katalon Studio\\Web testing evaluation\\Reports\\20200223_151116\\TestCasesForEvaluation\\20200223_151116"/>
         <property name="logFiles" value="C:\\Users\\dora_vereb\\Katalon Studio\\Web testing evaluation\\Reports\\20200223_151116\\TestCasesForEvaluation\\20200223_151116\\execution0.log, C:\\Users\\dora_vereb\\Katalon Studio\\Web testing evaluation\\Reports\\20200223_151116\\TestCasesForEvaluation\\20200223_151116\\IEDriverServer.log"/>
         <property name="attachments" value=""/>
         <property name="hostName" value="Dora_Vereb - EPHUDEBW0132.budapest.epam.com"/>
         <property name="hostAddress" value="192.168.0.101"/>
         <property name="os" value="Windows 10 64bit"/>
         <property name="katalonVersion" value="7.2.1.1"/>
      </properties>
      <system-out><![CDATA[2020-02-23 15:11:17 - [TEST_SUITE][PASSED] - TestCasesForEvaluation: null]]></system-out>
      <system-err><![CDATA[]]></system-err>
   </testsuite>
</testsuites>
