<?xml version="1.0" encoding="UTF-8"?>
<testsuites name="TestCasesForEvaluation" time="18.45" tests="1" failures="0" errors="0">
   <testsuite name="TestCasesForEvaluation" tests="1" failures="0" errors="0" time="18.45" timestamp="2020-02-23 12:29:49" hostname="Dora_Vereb - EPHUDEBW0132.budapest.epam.com" id="Test Suites/TestCasesForEvaluation">
      <properties>
         <property name="deviceName" value=""/>
         <property name="devicePlatform" value=""/>
         <property name="logFolder" value="C:\\Users\\dora_vereb\\Katalon Studio\\Web testing evaluation\\Reports\\20200223_122946\\TestCasesForEvaluation\\20200223_122946"/>
         <property name="logFiles" value="C:\\Users\\dora_vereb\\Katalon Studio\\Web testing evaluation\\Reports\\20200223_122946\\TestCasesForEvaluation\\20200223_122946\\execution0.log"/>
         <property name="attachments" value=""/>
         <property name="hostName" value="Dora_Vereb - EPHUDEBW0132.budapest.epam.com"/>
         <property name="os" value="Windows 10 64bit"/>
         <property name="katalonVersion" value="7.2.1.1"/>
         <property name="browser" value="Chrome 80.0.3987.116"/>
         <property name="hostAddress" value="192.168.0.101"/>
         <property name="sessionId" value="f060a181f2deb558f9aad35b09e0ee67"/>
         <property name="seleniumVersion" value="3.141.59"/>
         <property name="proxyInformation" value="ProxyInformation{proxyOption=NO_PROXY, proxyServerType=HTTP, password=, proxyServerAddress=, proxyServerPort=0, executionList=}"/>
         <property name="platform" value="Windows 10"/>
      </properties>
      <testcase name="Test Cases/TC-4" time="17.339" classname="Test Cases/TC-4" status="PASSED">
         <system-out><![CDATA[2020-02-23 12:29:49 - [TEST_CASE][PASSED] - Test Cases/TC-4: Test Cases/TC-4

2020-02-23 12:29:50 - [TEST_STEP][PASSED] - openBrowser(""): Browser is opened with url: ''

2020-02-23 12:29:50 - [MESSAGE][INFO] - Starting 'Chrome' driver

2020-02-23 12:29:50 - [MESSAGE][INFO] - Action delay is set to 0 seconds

2020-02-23 12:29:57 - [MESSAGE][PASSED] - Browser is opened with url: ''

2020-02-23 12:29:57 - [TEST_STEP][PASSED] - navigateToUrl(checkboxes): Navigate to 'https://getbootstrap.com/docs/4.4/components/forms/#checkboxes-and-radios' successfully

2020-02-23 12:30:04 - [MESSAGE][PASSED] - Navigate to 'https://getbootstrap.com/docs/4.4/components/forms/#checkboxes-and-radios' successfully

2020-02-23 12:30:05 - [TEST_STEP][PASSED] - verifyElementClickable(findTestObject("Bootstrap/DefaultCheckbox")): Object 'Object Repository/Bootstrap/DefaultCheckbox' is clickable

2020-02-23 12:30:05 - [MESSAGE][PASSED] - Object 'Object Repository/Bootstrap/DefaultCheckbox' is clickable

2020-02-23 12:30:05 - [TEST_STEP][PASSED] - verifyElementNotClickable(findTestObject("Bootstrap/DisabledCheckbox")): Object 'Object Repository/Bootstrap/DisabledCheckbox' is NOT clickable

2020-02-23 12:30:05 - [MESSAGE][PASSED] - Object 'Object Repository/Bootstrap/DisabledCheckbox' is NOT clickable

2020-02-23 12:30:05 - [TEST_STEP][PASSED] - verifyElementNotChecked(findTestObject("Bootstrap/DefaultCheckbox"), 0): Object 'Object Repository/Bootstrap/DefaultCheckbox' is not checked

2020-02-23 12:30:06 - [MESSAGE][WARNING] - Timeout '0' is invalid. Using default page load timeout: '30'

2020-02-23 12:30:06 - [MESSAGE][PASSED] - Object 'Object Repository/Bootstrap/DefaultCheckbox' is not checked

2020-02-23 12:30:06 - [TEST_STEP][PASSED] - check(findTestObject("Bootstrap/DefaultCheckbox")): Object 'Object Repository/Bootstrap/DefaultCheckbox' is checked

2020-02-23 12:30:06 - [MESSAGE][PASSED] - Object 'Object Repository/Bootstrap/DefaultCheckbox' is checked

2020-02-23 12:30:06 - [TEST_STEP][PASSED] - verifyElementChecked(findTestObject("Bootstrap/DefaultCheckbox"), 0): Object 'Object Repository/Bootstrap/DefaultCheckbox' is checked

2020-02-23 12:30:06 - [MESSAGE][WARNING] - Timeout '0' is invalid. Using default page load timeout: '30'

2020-02-23 12:30:07 - [MESSAGE][PASSED] - Object 'Object Repository/Bootstrap/DefaultCheckbox' is checked]]></system-out>
         <system-err><![CDATA[]]></system-err>
      </testcase>
      <system-out><![CDATA[2020-02-23 12:29:49 - [TEST_SUITE][PASSED] - TestCasesForEvaluation: Test Cases/TC-4]]></system-out>
      <system-err><![CDATA[]]></system-err>
   </testsuite>
</testsuites>
