<?xml version="1.0" encoding="UTF-8"?>
<testsuites name="TestCasesForEvaluation" time="12.598" tests="1" failures="0" errors="0">
   <testsuite name="TestCasesForEvaluation" tests="1" failures="0" errors="0" time="12.598" timestamp="2020-02-22 21:18:08" hostname="Dora_Vereb - EPHUDEBW0132.budapest.epam.com" id="Test Suites/TestCasesForEvaluation">
      <properties>
         <property name="deviceName" value=""/>
         <property name="devicePlatform" value=""/>
         <property name="logFolder" value="C:\\Users\\dora_vereb\\Katalon Studio\\Web testing evaluation\\Reports\\20200222_211806\\TestCasesForEvaluation\\20200222_211806"/>
         <property name="logFiles" value="C:\\Users\\dora_vereb\\Katalon Studio\\Web testing evaluation\\Reports\\20200222_211806\\TestCasesForEvaluation\\20200222_211806\\execution0.log"/>
         <property name="attachments" value=""/>
         <property name="hostName" value="Dora_Vereb - EPHUDEBW0132.budapest.epam.com"/>
         <property name="os" value="Windows 10 64bit"/>
         <property name="katalonVersion" value="7.2.1.1"/>
         <property name="browser" value="Chrome 80.0.3987.116"/>
         <property name="hostAddress" value="192.168.0.101"/>
         <property name="sessionId" value="7e56b63a0e364982c0c087c28275f77d"/>
         <property name="seleniumVersion" value="3.141.59"/>
         <property name="proxyInformation" value="ProxyInformation{proxyOption=NO_PROXY, proxyServerType=HTTP, password=, proxyServerAddress=, proxyServerPort=0, executionList=}"/>
         <property name="platform" value="Windows 10"/>
      </properties>
      <testcase name="Test Cases/TC-1" time="11.354" classname="Test Cases/TC-1" status="PASSED">
         <system-out><![CDATA[2020-02-22 21:18:08 - [TEST_CASE][PASSED] - Test Cases/TC-1: Test Cases/TC-1

2020-02-22 21:18:09 - [TEST_STEP][PASSED] - openBrowser(""): Browser is opened with url: ''

2020-02-22 21:18:09 - [MESSAGE][INFO] - Starting 'Chrome' driver

2020-02-22 21:18:09 - [MESSAGE][INFO] - Action delay is set to 0 seconds

2020-02-22 21:18:15 - [MESSAGE][PASSED] - Browser is opened with url: ''

2020-02-22 21:18:15 - [TEST_STEP][PASSED] - navigateToUrl("https://angular.io"): Navigate to 'https://angular.io' successfully

2020-02-22 21:18:16 - [MESSAGE][PASSED] - Navigate to 'https://angular.io' successfully

2020-02-22 21:18:16 - [TEST_STEP][PASSED] - verifyElementVisible(findTestObject("AngularHomePage/AngularLogoAtTheTop")): Object 'Object Repository/AngularHomePage/AngularLogoAtTheTop' is visible

2020-02-22 21:18:17 - [MESSAGE][PASSED] - Object 'Object Repository/AngularHomePage/AngularLogoAtTheTop' is visible

2020-02-22 21:18:17 - [TEST_STEP][PASSED] - verifyElementVisible(findTestObject("AngularHomePage/AngularLogoInHeroSection")): Object 'Object Repository/AngularHomePage/AngularLogoInHeroSection' is visible

2020-02-22 21:18:17 - [MESSAGE][PASSED] - Object 'Object Repository/AngularHomePage/AngularLogoInHeroSection' is visible

2020-02-22 21:18:17 - [TEST_STEP][PASSED] - verifyElementText(findTestObject("AngularHomePage/HeroHeadline"), "One framework.
Mobile & desktop."): Actual text and expected text of test object 'Object Repository/AngularHomePage/HeroHeadline' are matched.

2020-02-22 21:18:17 - [MESSAGE][PASSED] - Actual text and expected text of test object 'Object Repository/AngularHomePage/HeroHeadline' are matched.

2020-02-22 21:18:17 - [TEST_STEP][PASSED] - verifyElementVisible(findTestObject("AngularHomePage/GetStartedButton")): Object 'Object Repository/AngularHomePage/GetStartedButton' is visible

2020-02-22 21:18:18 - [MESSAGE][PASSED] - Object 'Object Repository/AngularHomePage/GetStartedButton' is visible

2020-02-22 21:18:18 - [TEST_STEP][PASSED] - click(findTestObject("AngularHomePage/GetStartedButton")): Object: 'Object Repository/AngularHomePage/GetStartedButton' is clicked on

2020-02-22 21:18:18 - [MESSAGE][PASSED] - Object: 'Object Repository/AngularHomePage/GetStartedButton' is clicked on

2020-02-22 21:18:18 - [TEST_STEP][PASSED] - verifyElementText(findTestObject("AngularStartPage/ContentTitle"), "Getting Started with Angular: Your First App"): Actual text and expected text of test object 'Object Repository/AngularStartPage/ContentTitle' are matched.

2020-02-22 21:18:20 - [MESSAGE][PASSED] - Actual text and expected text of test object 'Object Repository/AngularStartPage/ContentTitle' are matched.]]></system-out>
         <system-err><![CDATA[]]></system-err>
      </testcase>
      <system-out><![CDATA[2020-02-22 21:18:08 - [TEST_SUITE][PASSED] - TestCasesForEvaluation: Test Cases/TC-1]]></system-out>
      <system-err><![CDATA[]]></system-err>
   </testsuite>
</testsuites>
